17:23:42 start(48304):{command:test,params:[1,2,3,4,5]}
17:24:17 start(48308):{command:test,params:[1,2,3,4,5]}
17:24:18 start(48310):{command:test,params:[1,2,3,4,5]}
17:24:20 start(48312):{command:test,params:[1,2,3,4,5]}
17:24:32 exit(0):{closure:[{},handle],params:[1,2,3,4,5]}
17:24:35 exit(0):{closure:[{},handle],params:[1,2,3,4,5]}
17:24:36 exit(0):{closure:[{},handle],params:[1,2,3,4,5]}
17:31:09 start(48320):{command:test,params:[1,2,3,4,5]}
17:31:10 start(48322):{command:test,params:[1,2,3,4,5]}
17:31:11 start(48324):{command:test,params:[1,2,3,4,5]}
17:31:12 start(48326):{command:test,params:[1,2,3,4,5]}
17:31:31 exit(0):{closure:[{},handle],params:[1,2,3,4,5]}
17:31:33 exit(0):{closure:[{},handle],params:[1,2,3,4,5]}
17:31:34 exit(0):{closure:[{},handle],params:[1,2,3,4,5]}
17:31:34 exit(0):{closure:[{},handle],params:[1,2,3,4,5]}
17:35:01 start(48344):{command:test,params:[1,2,3,4,5]}
17:35:02 start(48346):{command:test,params:[1,2,3,4,5]}
17:35:03 start(48348):{command:test,params:[1,2,3,4,5]}
17:35:04 start(48350):{command:test,params:[1,2,3,4,5]}
17:35:04 start(48352):{command:test,params:[1,2,3,4,5]}
17:35:29 exit(0):{command:test,params:[1,2,3,4,5]}
17:35:29 start(48371):{command:test,params:[1,2,3,4,5]}
17:35:33 exit(0):{command:test,params:[1,2,3,4,5]}
17:35:33 start(48377):{command:test,params:[1,2,3,4,5]}
17:35:35 exit(0):{command:test,params:[1,2,3,4,5]}
17:35:36 exit(0):{command:test,params:[1,2,3,4,5]}
17:35:36 exit(0):{command:test,params:[1,2,3,4,5]}
17:35:46 exit(0):{command:test,params:[1,2,3,4,5]}
17:35:47 exit(0):{command:test,params:[1,2,3,4,5]}
17:44:43 start(48440):{command:test,params:[1,2,3,4,5]}
17:44:50 exit(110-48440):{command:test,params:[1,2,3,4,5]}
17:57:10 start(48460):{command:test,params:[1,2,3,4,5]}
17:57:11 start(48462):{command:test,params:[1,2,3,4,5]}
17:57:12 start(48464):{command:test,params:[1,2,3,4,5]}
17:57:12 start(48466):{command:test,params:[1,2,3,4,5]}
17:57:31 exit(110-48460):{command:test,params:[1,2,3,4,5]}
17:57:35 exit(110-48462):{command:test,params:[1,2,3,4,5]}
17:57:35 exit(110-48464):{command:test,params:[1,2,3,4,5]}
17:57:36 exit(110-48466):{command:test,params:[1,2,3,4,5]}
17:58:42 start(48483):{command:test,params:[1,2,3,4,5]}
17:58:45 start(48485):{command:test,params:[1,2,3,4,5]}
17:58:50 start(48489):{command:test,params:[1,2,3,4,5]}
17:58:51 start(48491):{command:test,params:[1,2,3,4,5]}
17:58:53 exit(110-48483):{command:test,params:[1,2,3,4,5]} 0.01
17:58:56 start(48496):{command:test,params:[1,2,3,4,5]}
17:58:57 start(48498):{command:test,params:[1,2,3,4,5]}
17:59:05 exit(110-48485):{command:test,params:[1,2,3,4,5]} 0.02
17:59:15 exit(110-48489):{command:test,params:[1,2,3,4,5]} 0.02
17:59:16 exit(110-48491):{command:test,params:[1,2,3,4,5]} 0.02
17:59:19 exit(110-48496):{command:test,params:[1,2,3,4,5]} 0.02
17:59:19 exit(110-48498):{command:test,params:[1,2,3,4,5]} 0.02
18:00:50 start(48515):{command:test,params:[1,2,3,4,5]}
18:00:58 exit(110-48515):{command:test,params:[1,2,3,4,5]} 8.05
18:01:21 start(48521):{command:test,params:[1,2,3,4,5]}
18:01:29 exit(110-48521):{command:test,params:[1,2,3,4,5]} 7.96
18:01:36 start(48532):{command:test,params:[1,2,3,4,5]}
18:01:44 exit(110-48532):{command:test,params:[1,2,3,4,5]} 8.11
18:02:07 start(48541):{command:test,params:[1,2,3,4,5]}
18:02:15 exit(110-48541):{command:test,params:[1,2,3,4,5]} 8.05
